<?xml version="1.0" encoding="utf-8"?><testsuites><testsuite name="pytest" errors="0" failures="1" skipped="0" tests="2" time="0.126" timestamp="2023-05-02T16:43:12.200047" hostname="Rześnik"><testcase classname="Classes_test" name="test_Constructor_Osoba" file="Classes_test.py" line="26" time="0.001"><failure message="AssertionError: assert 'Warzawa' == 'Poznañ'&#10;  - Poznañ&#10;  + Warzawa">def test_Constructor_Osoba():
        person=c.Osoba("Warzawa","Anastazja","B³ugaszyk",57030668968)
&gt;       assert person.city=="Poznañ"
E       AssertionError: assert 'Warzawa' == 'Poznañ'
E         - Poznañ
E         + Warzawa

Classes_test.py:29: AssertionError</failure><system-out>--------------------------------- Captured Log ---------------------------------

--------------------------------- Captured Out ---------------------------------

</system-out><system-err>--------------------------------- Captured Err ---------------------------------

</system-err></testcase><testcase classname="Classes_test" name="test_spr_PESEL" file="Classes_test.py" line="5" time="0.003"><system-out>--------------------------------- Captured Log ---------------------------------

--------------------------------- Captured Out ---------------------------------
Ta osoba siê jeszcze nie urodzi³a!!
B³êdny nr. Kontrolny PESELu!!
B³êdny nr. p³ci!!
B³êdny nr. Kontrolny PESELu!!
B³êdny nr. p³ci!!
B³êdny nr. Miesi¹ca i stulecia!!

B³êdny nr. Miesi¹ca i stulecia!!

B³êdny nr. Kontrolny PESELu!!
B³êdny nr. p³ci!!
B³êdny nr. p³ci!!
B³êdny nr. Miesi¹ca i stulecia!!

B³êdny nr. p³ci!!
B³êdny nr. p³ci!!
B³êdny nr. p³ci!!
B³êdny nr. Miesi¹ca i stulecia!!

B³êdny nr. Kontrolny PESELu!!
B³êdny nr. Miesi¹ca i stulecia!!

B³êdny nr. Kontrolny PESELu!!
B³êdny nr. Miesi¹ca i stulecia!!

B³êdny nr. Kontrolny PESELu!!
Ta osoba siê jeszcze nie urodzi³a!!
B³êdna d³. PESELu!!

B³êdna d³. PESELu!!


</system-out><system-err>--------------------------------- Captured Err ---------------------------------

</system-err></testcase></testsuite></testsuites>